Arguments: 
  C:\Program Files\nodejs\node.exe C:\Users\jecju\AppData\Roaming\npm\node_modules\yarn\bin\yarn.js add @react-native-firebase/firestore

PATH: 
  C:\Users\jecju\bin;C:\Program Files\Git\mingw64\bin;C:\Program Files\Git\usr\local\bin;C:\Program Files\Git\usr\bin;C:\Program Files\Git\usr\bin;C:\Program Files\Git\mingw64\bin;C:\Program Files\Git\usr\bin;C:\Users\jecju\bin;C:\Program Files (x86)\NAT Service;C:\Program Files\Common Files\Oracle\Java\javapath;C:\Program Files (x86)\Common Files\Oracle\Java\javapath;C:\windows\system32;C:\windows;C:\windows\System32\Wbem;C:\windows\System32\WindowsPowerShell\v1.0;C:\windows\System32\OpenSSH;C:\Program Files\Git\cmd;C:\WINDOWS\system32;C:\WINDOWS;C:\WINDOWS\System32\Wbem;C:\WINDOWS\System32\WindowsPowerShell\v1.0;C:\WINDOWS\System32\OpenSSH;C:\WINDOWS\system32;C:\WINDOWS;C:\WINDOWS\System32\Wbem;C:\WINDOWS\System32\WindowsPowerShell\v1.0;C:\WINDOWS\System32\OpenSSH;C:\Program Files\PuTTY;C:\Gradle\gradle-7.5.1\bin;C:\Program Files\Bandizip;C:\Program Files (x86)\NVIDIA Corporation\PhysX\Common;C:\Program Files\nodejs;C:\Users\jecju\AppData\Local\Microsoft\WindowsApps;C:\Users\jecju\AppData\Local\Programs\Microsoft VS Code\bin;C:\MinGW\bin;C:\Users\jecju\AppData\Roaming\npm;C:\Program Files\Git\usr\bin\vendor_perl;C:\Program Files\Git\usr\bin\core_perl

Yarn version: 
  1.22.19

Node version: 
  18.12.1

Platform: 
  win32 x64

Trace: 
  Error: EPERM: operation not permitted, unlink 'C:\Users\jecju\AppData\Local\Yarn\Cache\v6\npm-react-native-0.70.5-f60540b21d338891086e0a834e331c124dd1f55c-integrity\node_modules\react-native\.yarn-tarball.tgz'

npm manifest: 
  {
    "name": "p2p-attend",
    "version": "1.0.0",
    "main": "node_modules/expo/AppEntry.js",
    "scripts": {
      "start": "expo start",
      "android": "expo start --android",
      "ios": "expo start --ios",
      "web": "expo start --web"
    },
    "dependencies": {
      "@react-native-async-storage/async-storage": "~1.17.3",
      "@react-native-firebase/app": "^16.5.0",
      "@react-navigation/native": "^6.1.1",
      "@react-navigation/stack": "^6.3.10",
      "expo": "~47.0.9",
      "expo-status-bar": "~1.4.2",
      "react": "18.1.0",
      "react-native": "0.70.5",
      "react-native-safe-area-context": "^4.4.1",
      "react-native-screens": "^3.18.2"
    },
    "devDependencies": {
      "@babel/core": "^7.12.9"
    },
    "private": true
  }

yarn manifest: 
  No manifest

Lockfile: 
  No lockfile
